# JRE version: OpenJDK Runtime Environment (11.0.10) (build 11.0.10+0-b96-7249189)
# Java VM: OpenJDK 64-Bit Server VM (11.0.10+0-b96-7249189, mixed mode, tiered, compressed oops, g1 gc, windows-amd64)
Heap:
 garbage-first heap   total 855040K, used 251143K [0x0000000080000000, 0x0000000100000000)
  region size 1024K, 13 young (13312K), 13 survivors (13312K)
 Metaspace       used 164083K, capacity 169040K, committed 169412K, reserved 1198080K
  class space    used 19892K, capacity 21663K, committed 21784K, reserved 1048576K
GC Heap History (20 events):
Event: 987.304 GC heap after
{Heap after GC invocations=150 (full 0):
 garbage-first heap   total 543744K, used 260854K [0x0000000080000000, 0x0000000100000000)
  region size 1024K, 2 young (2048K), 2 survivors (2048K)
 Metaspace       used 163996K, capacity 168899K, committed 169156K, reserved 1196032K
  class space    used 19891K, capacity 21660K, committed 21784K, reserved 1048576K
}
Event: 987.693 GC heap before
{Heap before GC invocations=150 (full 0):
 garbage-first heap   total 543744K, used 446198K [0x0000000080000000, 0x0000000100000000)
  region size 1024K, 183 young (187392K), 2 survivors (2048K)
 Metaspace       used 164009K, capacity 168907K, committed 169156K, reserved 1196032K
  class space    used 19892K, capacity 21663K, committed 21784K, reserved 1048576K
}
Event: 987.701 GC heap after
{Heap after GC invocations=151 (full 0):
 garbage-first heap   total 543744K, used 262316K [0x0000000080000000, 0x0000000100000000)
  region size 1024K, 3 young (3072K), 3 survivors (3072K)
 Metaspace       used 164009K, capacity 168907K, committed 169156K, reserved 1196032K
  class space    used 19892K, capacity 21663K, committed 21784K, reserved 1048576K
}
Event: 988.059 GC heap before
{Heap before GC invocations=151 (full 0):
 garbage-first heap   total 543744K, used 449708K [0x0000000080000000, 0x0000000100000000)
  region size 1024K, 188 young (192512K), 3 survivors (3072K)
 Metaspace       used 164010K, capacity 168907K, committed 169156K, reserved 1196032K
  class space    used 19892K, capacity 21663K, committed 21784K, reserved 1048576K
}
Event: 988.068 GC heap after
{Heap after GC invocations=152 (full 0):
 garbage-first heap   total 543744K, used 262379K [0x0000000080000000, 0x0000000100000000)
  region size 1024K, 6 young (6144K), 6 survivors (6144K)
 Metaspace       used 164010K, capacity 168907K, committed 169156K, reserved 1196032K
  class space    used 19892K, capacity 21663K, committed 21784K, reserved 1048576K
}
Event: 988.502 GC heap before
{Heap before GC invocations=153 (full 0):
 garbage-first heap   total 543744K, used 454891K [0x0000000080000000, 0x0000000100000000)
  region size 1024K, 195 young (199680K), 6 survivors (6144K)
 Metaspace       used 164016K, capacity 168907K, committed 169156K, reserved 1196032K
  class space    used 19892K, capacity 21663K, committed 21784K, reserved 1048576K
}
Event: 988.514 GC heap after
{Heap after GC invocations=154 (full 0):
 garbage-first heap   total 543744K, used 264364K [0x0000000080000000, 0x0000000100000000)
  region size 1024K, 7 young (7168K), 7 survivors (7168K)
 Metaspace       used 164016K, capacity 168907K, committed 169156K, reserved 1196032K
  class space    used 19892K, capacity 21663K, committed 21784K, reserved 1048576K
}
Event: 988.544 GC heap before
{Heap before GC invocations=154 (full 0):
 garbage-first heap   total 543744K, used 283820K [0x0000000080000000, 0x0000000100000000)
  region size 1024K, 26 young (26624K), 7 survivors (7168K)
 Metaspace       used 164016K, capacity 168907K, committed 169156K, reserved 1196032K
  class space    used 19892K, capacity 21663K, committed 21784K, reserved 1048576K
}
Event: 988.631 GC heap after
{Heap after GC invocations=155 (full 0):
 garbage-first heap   total 543744K, used 248009K [0x0000000080000000, 0x0000000100000000)
  region size 1024K, 1 young (1024K), 1 survivors (1024K)
 Metaspace       used 164016K, capacity 168907K, committed 169156K, reserved 1196032K
  class space    used 19892K, capacity 21663K, committed 21784K, reserved 1048576K
}
Event: 988.696 GC heap before
{Heap before GC invocations=155 (full 0):
 garbage-first heap   total 543744K, used 273609K [0x0000000080000000, 0x0000000100000000)
  region size 1024K, 26 young (26624K), 1 survivors (1024K)
 Metaspace       used 164016K, capacity 168907K, committed 169156K, reserved 1196032K
  class space    used 19892K, capacity 21663K, committed 21784K, reserved 1048576K
}
Event: 988.736 GC heap after
{Heap after GC invocations=156 (full 0):
 garbage-first heap   total 543744K, used 246150K [0x0000000080000000, 0x0000000100000000)
  region size 1024K, 1 young (1024K), 1 survivors (1024K)
 Metaspace       used 164016K, capacity 168907K, committed 169156K, reserved 1196032K
  class space    used 19892K, capacity 21663K, committed 21784K, reserved 1048576K
}
Event: 989.459 GC heap before
{Heap before GC invocations=156 (full 0):
 garbage-first heap   total 543744K, used 370054K [0x0000000080000000, 0x0000000100000000)
  region size 1024K, 124 young (126976K), 1 survivors (1024K)
 Metaspace       used 164070K, capacity 168976K, committed 169156K, reserved 1196032K
  class space    used 19892K, capacity 21663K, committed 21784K, reserved 1048576K
}
Event: 989.466 GC heap after
{Heap after GC invocations=157 (full 0):
 garbage-first heap   total 543744K, used 248425K [0x0000000080000000, 0x0000000100000000)
  region size 1024K, 3 young (3072K), 3 survivors (3072K)
 Metaspace       used 164070K, capacity 168976K, committed 169156K, reserved 1196032K
  class space    used 19892K, capacity 21663K, committed 21784K, reserved 1048576K
}
Event: 990.255 GC heap before
{Heap before GC invocations=158 (full 0):
 garbage-first heap   total 543744K, used 444009K [0x0000000080000000, 0x0000000100000000)
  region size 1024K, 193 young (197632K), 3 survivors (3072K)
 Metaspace       used 164078K, capacity 169040K, committed 169412K, reserved 1198080K
  class space    used 19892K, capacity 21663K, committed 21784K, reserved 1048576K
}
Event: 990.266 GC heap after
{Heap after GC invocations=159 (full 0):
 garbage-first heap   total 543744K, used 251964K [0x0000000080000000, 0x0000000100000000)
  region size 1024K, 7 young (7168K), 7 survivors (7168K)
 Metaspace       used 164078K, capacity 169040K, committed 169412K, reserved 1198080K
  class space    used 19892K, capacity 21663K, committed 21784K, reserved 1048576K
}
Event: 990.292 GC heap before
{Heap before GC invocations=159 (full 0):
 garbage-first heap   total 543744K, used 270396K [0x0000000080000000, 0x0000000100000000)
  region size 1024K, 26 young (26624K), 7 survivors (7168K)
 Metaspace       used 164078K, capacity 169040K, committed 169412K, reserved 1198080K
  class space    used 19892K, capacity 21663K, committed 21784K, reserved 1048576K
}
Event: 990.324 GC heap after
{Heap after GC invocations=160 (full 0):
 garbage-first heap   total 543744K, used 241023K [0x0000000080000000, 0x0000000100000000)
  region size 1024K, 2 young (2048K), 2 survivors (2048K)
 Metaspace       used 164078K, capacity 169040K, committed 169412K, reserved 1198080K
  class space    used 19892K, capacity 21663K, committed 21784K, reserved 1048576K
}
Event: 990.768 GC heap before
{Heap before GC invocations=160 (full 0):
 garbage-first heap   total 543744K, used 443775K [0x0000000080000000, 0x0000000100000000)
  region size 1024K, 201 young (205824K), 2 survivors (2048K)
 Metaspace       used 164081K, capacity 169040K, committed 169412K, reserved 1198080K
  class space    used 19892K, capacity 21663K, committed 21784K, reserved 1048576K
}
Event: 990.818 GC heap after
{Heap after GC invocations=161 (full 0):
 garbage-first heap   total 543744K, used 250212K [0x0000000080000000, 0x0000000100000000)
  region size 1024K, 11 young (11264K), 11 survivors (11264K)
 Metaspace       used 164081K, capacity 169040K, committed 169412K, reserved 1198080K
  class space    used 19892K, capacity 21663K, committed 21784K, reserved 1048576K
}
Event: 991.565 GC heap before
{Heap before GC invocations=162 (full 0):
 garbage-first heap   total 543744K, used 447844K [0x0000000080000000, 0x0000000100000000)
  region size 1024K, 205 young (209920K), 11 survivors (11264K)
 Metaspace       used 164083K, capacity 169040K, committed 169412K, reserved 1198080K
  class space    used 19892K, capacity 21663K, committed 21784K, reserved 1048576K
}

